<?xml version="1.0" encoding="UTF-8"?>
<!-- Generated by org.testng.reporters.JUnitReportReporter -->
<testsuite hostname="DESKTOP-9KEFPRG" failures="0" tests="1" name="TestCases.TestCase_03_Test" time="31.497" errors="0" timestamp="2024-05-29T19:45:31 IST" skipped="0">
  <testcase classname="TestCases.TestCase_03_Test" name="ToCreateContact" time="31.497"/>
  <system-out/>
</testsuite> <!-- TestCases.TestCase_03_Test -->
