<?xml version="1.0" encoding="UTF-8"?>
<!-- Generated by org.testng.reporters.JUnitReportReporter -->
<testsuite hostname="DESKTOP-9KEFPRG" failures="0" tests="1" name="TestCases.TestCase_01_Test" time="21.614" errors="0" timestamp="2024-05-30T09:33:25 IST" skipped="0">
  <testcase classname="TestCases.TestCase_01_Test" name="ToCreateConatc" time="21.614"/>
  <system-out/>
</testsuite> <!-- TestCases.TestCase_01_Test -->
